<?xml version="1.0" encoding="UTF-8"?>
<!-- Generated by org.testng.reporters.JUnitXMLReporter -->
<testsuite hostname="LAPTOP-EG3C4IFC" ignored="0" name="Free MyCRM App Test Cases" tests="7" failures="0" timestamp="2020-07-06T16:27:00 EDT" time="111.047" errors="0">
  <testcase name="LogInPageTitleTest" time="0.024" classname="com.crm.qa.testcases.LogInPageTest"/>
  <testcase name="crmLogoTest" time="0.053" classname="com.crm.qa.testcases.LogInPageTest"/>
  <testcase name="LogIntest" time="6.863" classname="com.crm.qa.testcases.LogInPageTest"/>
  <testcase name="verifyContactlinkText" time="13.413" classname="com.crm.qa.testcases.HomePageTest"/>
  <testcase name="verifyContactLabelIsDisplayed" time="2.047" classname="com.crm.qa.testcases.ContactPageTest"/>
  <testcase name="verifyContactsLabelPrinted" time="2.053" classname="com.crm.qa.testcases.ContactPageTest"/>
  <testcase name="verifyContactsSelected" time="2.108" classname="com.crm.qa.testcases.ContactPageTest"/>
</testsuite> <!-- Free MyCRM App Test Cases -->
