<?xml version="1.0" encoding="UTF-8"?>
<testng-results skipped="0" failed="0" ignored="0" total="11" passed="11">
  <reporter-output>
  </reporter-output>
  <suite name="Surefire suite" duration-ms="209310" started-at="2020-07-13T23:16:36 EDT" finished-at="2020-07-13T23:20:05 EDT">
    <groups>
    </groups>
    <test name="Surefire test" duration-ms="209310" started-at="2020-07-13T23:16:36 EDT" finished-at="2020-07-13T23:20:05 EDT">
      <class name="com.crm.qa.testcases.ContactPageTest">
        <test-method status="PASS" signature="setup()[pri:0, instance:com.crm.qa.testcases.ContactPageTest@cb644e]" name="setup" is-config="true" duration-ms="15460" started-at="2020-07-13T23:16:36 EDT" finished-at="2020-07-13T23:16:51 EDT">
          <reporter-output>
          </reporter-output>
        </test-method> <!-- setup -->
        <test-method status="PASS" signature="verifyContactsLabelPrinted()[pri:2, instance:com.crm.qa.testcases.ContactPageTest@cb644e]" name="verifyContactsLabelPrinted" duration-ms="2039" started-at="2020-07-13T23:16:51 EDT" finished-at="2020-07-13T23:16:53 EDT">
          <reporter-output>
          </reporter-output>
        </test-method> <!-- verifyContactsLabelPrinted -->
        <test-method status="PASS" signature="tearDown()[pri:0, instance:com.crm.qa.testcases.ContactPageTest@cb644e]" name="tearDown" is-config="true" duration-ms="5658" started-at="2020-07-13T23:16:53 EDT" finished-at="2020-07-13T23:16:59 EDT">
          <reporter-output>
          </reporter-output>
        </test-method> <!-- tearDown -->
        <test-method status="PASS" signature="setup()[pri:0, instance:com.crm.qa.testcases.ContactPageTest@cb644e]" name="setup" is-config="true" duration-ms="13370" started-at="2020-07-13T23:16:59 EDT" finished-at="2020-07-13T23:17:13 EDT">
          <reporter-output>
          </reporter-output>
        </test-method> <!-- setup -->
        <test-method status="PASS" signature="validateCreateNewContact(java.lang.String, java.lang.String)[pri:4, instance:com.crm.qa.testcases.ContactPageTest@cb644e]" name="validateCreateNewContact" duration-ms="3202" started-at="2020-07-13T23:17:13 EDT" data-provider="getCRMTestData" finished-at="2020-07-13T23:17:16 EDT">
          <params>
            <param index="0">
              <value>
                <![CDATA[Adi]]>
              </value>
            </param>
            <param index="1">
              <value>
                <![CDATA[Pradip]]>
              </value>
            </param>
          </params>
          <reporter-output>
          </reporter-output>
        </test-method> <!-- validateCreateNewContact -->
        <test-method status="PASS" signature="tearDown()[pri:0, instance:com.crm.qa.testcases.ContactPageTest@cb644e]" name="tearDown" is-config="true" duration-ms="5798" started-at="2020-07-13T23:17:16 EDT" finished-at="2020-07-13T23:17:22 EDT">
          <reporter-output>
          </reporter-output>
        </test-method> <!-- tearDown -->
        <test-method status="PASS" signature="setup()[pri:0, instance:com.crm.qa.testcases.ContactPageTest@cb644e]" name="setup" is-config="true" duration-ms="16382" started-at="2020-07-13T23:17:22 EDT" finished-at="2020-07-13T23:17:38 EDT">
          <reporter-output>
          </reporter-output>
        </test-method> <!-- setup -->
        <test-method status="PASS" signature="validateCreateNewContact(java.lang.String, java.lang.String)[pri:4, instance:com.crm.qa.testcases.ContactPageTest@cb644e]" name="validateCreateNewContact" duration-ms="3204" started-at="2020-07-13T23:17:38 EDT" data-provider="getCRMTestData" finished-at="2020-07-13T23:17:41 EDT">
          <params>
            <param index="0">
              <value>
                <![CDATA[Thapa]]>
              </value>
            </param>
            <param index="1">
              <value>
                <![CDATA[Bhisma]]>
              </value>
            </param>
          </params>
          <reporter-output>
          </reporter-output>
        </test-method> <!-- validateCreateNewContact -->
        <test-method status="PASS" signature="tearDown()[pri:0, instance:com.crm.qa.testcases.ContactPageTest@cb644e]" name="tearDown" is-config="true" duration-ms="6064" started-at="2020-07-13T23:17:41 EDT" finished-at="2020-07-13T23:17:47 EDT">
          <reporter-output>
          </reporter-output>
        </test-method> <!-- tearDown -->
        <test-method status="PASS" signature="setup()[pri:0, instance:com.crm.qa.testcases.ContactPageTest@cb644e]" name="setup" is-config="true" duration-ms="14363" started-at="2020-07-13T23:17:47 EDT" finished-at="2020-07-13T23:18:02 EDT">
          <reporter-output>
          </reporter-output>
        </test-method> <!-- setup -->
        <test-method status="PASS" signature="validateCreateNewContact(java.lang.String, java.lang.String)[pri:4, instance:com.crm.qa.testcases.ContactPageTest@cb644e]" name="validateCreateNewContact" duration-ms="3296" started-at="2020-07-13T23:18:02 EDT" data-provider="getCRMTestData" finished-at="2020-07-13T23:18:05 EDT">
          <params>
            <param index="0">
              <value>
                <![CDATA[Uttama]]>
              </value>
            </param>
            <param index="1">
              <value>
                <![CDATA[Tamrakar]]>
              </value>
            </param>
          </params>
          <reporter-output>
          </reporter-output>
        </test-method> <!-- validateCreateNewContact -->
        <test-method status="PASS" signature="tearDown()[pri:0, instance:com.crm.qa.testcases.ContactPageTest@cb644e]" name="tearDown" is-config="true" duration-ms="5632" started-at="2020-07-13T23:18:05 EDT" finished-at="2020-07-13T23:18:11 EDT">
          <reporter-output>
          </reporter-output>
        </test-method> <!-- tearDown -->
        <test-method status="PASS" signature="setup()[pri:0, instance:com.crm.qa.testcases.ContactPageTest@cb644e]" name="setup" is-config="true" duration-ms="13874" started-at="2020-07-13T23:18:11 EDT" finished-at="2020-07-13T23:18:25 EDT">
          <reporter-output>
          </reporter-output>
        </test-method> <!-- setup -->
        <test-method status="PASS" signature="validateCreateNewContact(java.lang.String, java.lang.String)[pri:4, instance:com.crm.qa.testcases.ContactPageTest@cb644e]" name="validateCreateNewContact" duration-ms="3456" started-at="2020-07-13T23:18:25 EDT" data-provider="getCRMTestData" finished-at="2020-07-13T23:18:28 EDT">
          <params>
            <param index="0">
              <value>
                <![CDATA[Alina]]>
              </value>
            </param>
            <param index="1">
              <value>
                <![CDATA[Khadgi]]>
              </value>
            </param>
          </params>
          <reporter-output>
          </reporter-output>
        </test-method> <!-- validateCreateNewContact -->
        <test-method status="PASS" signature="tearDown()[pri:0, instance:com.crm.qa.testcases.ContactPageTest@cb644e]" name="tearDown" is-config="true" duration-ms="5738" started-at="2020-07-13T23:18:28 EDT" finished-at="2020-07-13T23:18:34 EDT">
          <reporter-output>
          </reporter-output>
        </test-method> <!-- tearDown -->
      </class> <!-- com.crm.qa.testcases.ContactPageTest -->
      <class name="com.crm.qa.testcases.HomePageTest">
        <test-method status="PASS" signature="setup()[pri:0, instance:com.crm.qa.testcases.HomePageTest@13805618]" name="setup" is-config="true" duration-ms="13203" started-at="2020-07-13T23:18:34 EDT" finished-at="2020-07-13T23:18:47 EDT">
          <reporter-output>
          </reporter-output>
        </test-method> <!-- setup -->
        <test-method status="PASS" signature="verifyHomePageTest()[pri:1, instance:com.crm.qa.testcases.HomePageTest@13805618]" name="verifyHomePageTest" duration-ms="2013" started-at="2020-07-13T23:18:47 EDT" finished-at="2020-07-13T23:18:49 EDT">
          <reporter-output>
          </reporter-output>
        </test-method> <!-- verifyHomePageTest -->
        <test-method status="PASS" signature="tearDown()[pri:0, instance:com.crm.qa.testcases.HomePageTest@13805618]" name="tearDown" is-config="true" duration-ms="722" started-at="2020-07-13T23:18:49 EDT" finished-at="2020-07-13T23:18:50 EDT">
          <reporter-output>
          </reporter-output>
        </test-method> <!-- tearDown -->
        <test-method status="PASS" signature="setup()[pri:0, instance:com.crm.qa.testcases.HomePageTest@13805618]" name="setup" is-config="true" duration-ms="13861" started-at="2020-07-13T23:18:50 EDT" finished-at="2020-07-13T23:19:04 EDT">
          <reporter-output>
          </reporter-output>
        </test-method> <!-- setup -->
        <test-method status="PASS" signature="verifyUserName()[pri:2, instance:com.crm.qa.testcases.HomePageTest@13805618]" name="verifyUserName" duration-ms="2059" started-at="2020-07-13T23:19:04 EDT" finished-at="2020-07-13T23:19:06 EDT">
          <reporter-output>
          </reporter-output>
        </test-method> <!-- verifyUserName -->
        <test-method status="PASS" signature="tearDown()[pri:0, instance:com.crm.qa.testcases.HomePageTest@13805618]" name="tearDown" is-config="true" duration-ms="639" started-at="2020-07-13T23:19:06 EDT" finished-at="2020-07-13T23:19:06 EDT">
          <reporter-output>
          </reporter-output>
        </test-method> <!-- tearDown -->
        <test-method status="PASS" signature="setup()[pri:0, instance:com.crm.qa.testcases.HomePageTest@13805618]" name="setup" is-config="true" duration-ms="13885" started-at="2020-07-13T23:19:06 EDT" finished-at="2020-07-13T23:19:20 EDT">
          <reporter-output>
          </reporter-output>
        </test-method> <!-- setup -->
        <test-method status="PASS" signature="verifyContactlinkText()[pri:3, instance:com.crm.qa.testcases.HomePageTest@13805618]" name="verifyContactlinkText" duration-ms="13374" started-at="2020-07-13T23:19:20 EDT" finished-at="2020-07-13T23:19:34 EDT">
          <reporter-output>
          </reporter-output>
        </test-method> <!-- verifyContactlinkText -->
        <test-method status="PASS" signature="tearDown()[pri:0, instance:com.crm.qa.testcases.HomePageTest@13805618]" name="tearDown" is-config="true" duration-ms="635" started-at="2020-07-13T23:19:34 EDT" finished-at="2020-07-13T23:19:34 EDT">
          <reporter-output>
          </reporter-output>
        </test-method> <!-- tearDown -->
      </class> <!-- com.crm.qa.testcases.HomePageTest -->
      <class name="com.crm.qa.testcases.LogInPageTest">
        <test-method status="PASS" signature="setup()[pri:0, instance:com.crm.qa.testcases.LogInPageTest@56ef9176]" name="setup" is-config="true" duration-ms="6129" started-at="2020-07-13T23:19:34 EDT" finished-at="2020-07-13T23:19:40 EDT">
          <reporter-output>
          </reporter-output>
        </test-method> <!-- setup -->
        <test-method status="PASS" signature="LogInPageTitleTest()[pri:1, instance:com.crm.qa.testcases.LogInPageTest@56ef9176]" name="LogInPageTitleTest" duration-ms="52" started-at="2020-07-13T23:19:40 EDT" finished-at="2020-07-13T23:19:40 EDT">
          <reporter-output>
          </reporter-output>
        </test-method> <!-- LogInPageTitleTest -->
        <test-method status="PASS" signature="tearDown()[pri:0, instance:com.crm.qa.testcases.LogInPageTest@56ef9176]" name="tearDown" is-config="true" duration-ms="618" started-at="2020-07-13T23:19:40 EDT" finished-at="2020-07-13T23:19:41 EDT">
          <reporter-output>
          </reporter-output>
        </test-method> <!-- tearDown -->
        <test-method status="PASS" signature="setup()[pri:0, instance:com.crm.qa.testcases.LogInPageTest@56ef9176]" name="setup" is-config="true" duration-ms="8567" started-at="2020-07-13T23:19:41 EDT" finished-at="2020-07-13T23:19:50 EDT">
          <reporter-output>
          </reporter-output>
        </test-method> <!-- setup -->
        <test-method status="PASS" signature="crmLogoTest()[pri:2, instance:com.crm.qa.testcases.LogInPageTest@56ef9176]" name="crmLogoTest" duration-ms="49" started-at="2020-07-13T23:19:50 EDT" finished-at="2020-07-13T23:19:50 EDT">
          <reporter-output>
          </reporter-output>
        </test-method> <!-- crmLogoTest -->
        <test-method status="PASS" signature="tearDown()[pri:0, instance:com.crm.qa.testcases.LogInPageTest@56ef9176]" name="tearDown" is-config="true" duration-ms="601" started-at="2020-07-13T23:19:50 EDT" finished-at="2020-07-13T23:19:50 EDT">
          <reporter-output>
          </reporter-output>
        </test-method> <!-- tearDown -->
        <test-method status="PASS" signature="setup()[pri:0, instance:com.crm.qa.testcases.LogInPageTest@56ef9176]" name="setup" is-config="true" duration-ms="7407" started-at="2020-07-13T23:19:50 EDT" finished-at="2020-07-13T23:19:58 EDT">
          <reporter-output>
          </reporter-output>
        </test-method> <!-- setup -->
        <test-method status="PASS" signature="LogIntest()[pri:3, instance:com.crm.qa.testcases.LogInPageTest@56ef9176]" name="LogIntest" duration-ms="6814" started-at="2020-07-13T23:19:58 EDT" finished-at="2020-07-13T23:20:04 EDT">
          <reporter-output>
          </reporter-output>
        </test-method> <!-- LogIntest -->
        <test-method status="PASS" signature="tearDown()[pri:0, instance:com.crm.qa.testcases.LogInPageTest@56ef9176]" name="tearDown" is-config="true" duration-ms="669" started-at="2020-07-13T23:20:04 EDT" finished-at="2020-07-13T23:20:05 EDT">
          <reporter-output>
          </reporter-output>
        </test-method> <!-- tearDown -->
      </class> <!-- com.crm.qa.testcases.LogInPageTest -->
    </test> <!-- Surefire test -->
  </suite> <!-- Surefire suite -->
</testng-results>
