<?xml version="1.0" encoding="UTF-8"?>
<testng-results skipped="0" failed="0" ignored="0" total="5" passed="5">
  <reporter-output>
  </reporter-output>
  <suite name="Default suite" duration-ms="117901" started-at="2020-07-13T23:13:06 EDT" finished-at="2020-07-13T23:15:03 EDT">
    <groups>
    </groups>
    <test name="Default test" duration-ms="117901" started-at="2020-07-13T23:13:06 EDT" finished-at="2020-07-13T23:15:03 EDT">
      <class name="com.crm.qa.testcases.ContactPageTest">
        <test-method status="PASS" signature="setup()[pri:0, instance:com.crm.qa.testcases.ContactPageTest@34cd072c]" name="setup" is-config="true" duration-ms="15198" started-at="2020-07-13T23:13:06 EDT" finished-at="2020-07-13T23:13:21 EDT">
          <reporter-output>
          </reporter-output>
        </test-method> <!-- setup -->
        <test-method status="PASS" signature="verifyContactsLabelPrinted()[pri:2, instance:com.crm.qa.testcases.ContactPageTest@34cd072c]" name="verifyContactsLabelPrinted" duration-ms="2046" started-at="2020-07-13T23:13:21 EDT" finished-at="2020-07-13T23:13:23 EDT">
          <reporter-output>
          </reporter-output>
        </test-method> <!-- verifyContactsLabelPrinted -->
        <test-method status="PASS" signature="tearDown()[pri:0, instance:com.crm.qa.testcases.ContactPageTest@34cd072c]" name="tearDown" is-config="true" duration-ms="5920" started-at="2020-07-13T23:13:23 EDT" finished-at="2020-07-13T23:13:29 EDT">
          <reporter-output>
          </reporter-output>
        </test-method> <!-- tearDown -->
        <test-method status="PASS" signature="setup()[pri:0, instance:com.crm.qa.testcases.ContactPageTest@34cd072c]" name="setup" is-config="true" duration-ms="14104" started-at="2020-07-13T23:13:31 EDT" finished-at="2020-07-13T23:13:45 EDT">
          <reporter-output>
          </reporter-output>
        </test-method> <!-- setup -->
        <test-method status="PASS" signature="validateCreateNewContact(java.lang.String, java.lang.String)[pri:4, instance:com.crm.qa.testcases.ContactPageTest@34cd072c]" name="validateCreateNewContact" duration-ms="3861" started-at="2020-07-13T23:13:45 EDT" data-provider="getCRMTestData" finished-at="2020-07-13T23:13:49 EDT">
          <params>
            <param index="0">
              <value>
                <![CDATA[Adi]]>
              </value>
            </param>
            <param index="1">
              <value>
                <![CDATA[Pradip]]>
              </value>
            </param>
          </params>
          <reporter-output>
          </reporter-output>
        </test-method> <!-- validateCreateNewContact -->
        <test-method status="PASS" signature="tearDown()[pri:0, instance:com.crm.qa.testcases.ContactPageTest@34cd072c]" name="tearDown" is-config="true" duration-ms="5639" started-at="2020-07-13T23:13:49 EDT" finished-at="2020-07-13T23:13:54 EDT">
          <reporter-output>
          </reporter-output>
        </test-method> <!-- tearDown -->
        <test-method status="PASS" signature="setup()[pri:0, instance:com.crm.qa.testcases.ContactPageTest@34cd072c]" name="setup" is-config="true" duration-ms="12912" started-at="2020-07-13T23:13:54 EDT" finished-at="2020-07-13T23:14:07 EDT">
          <reporter-output>
          </reporter-output>
        </test-method> <!-- setup -->
        <test-method status="PASS" signature="validateCreateNewContact(java.lang.String, java.lang.String)[pri:4, instance:com.crm.qa.testcases.ContactPageTest@34cd072c]" name="validateCreateNewContact" duration-ms="3211" started-at="2020-07-13T23:14:07 EDT" data-provider="getCRMTestData" finished-at="2020-07-13T23:14:11 EDT">
          <params>
            <param index="0">
              <value>
                <![CDATA[Thapa]]>
              </value>
            </param>
            <param index="1">
              <value>
                <![CDATA[Bhisma]]>
              </value>
            </param>
          </params>
          <reporter-output>
          </reporter-output>
        </test-method> <!-- validateCreateNewContact -->
        <test-method status="PASS" signature="tearDown()[pri:0, instance:com.crm.qa.testcases.ContactPageTest@34cd072c]" name="tearDown" is-config="true" duration-ms="5683" started-at="2020-07-13T23:14:11 EDT" finished-at="2020-07-13T23:14:16 EDT">
          <reporter-output>
          </reporter-output>
        </test-method> <!-- tearDown -->
        <test-method status="PASS" signature="setup()[pri:0, instance:com.crm.qa.testcases.ContactPageTest@34cd072c]" name="setup" is-config="true" duration-ms="14874" started-at="2020-07-13T23:14:16 EDT" finished-at="2020-07-13T23:14:31 EDT">
          <reporter-output>
          </reporter-output>
        </test-method> <!-- setup -->
        <test-method status="PASS" signature="validateCreateNewContact(java.lang.String, java.lang.String)[pri:4, instance:com.crm.qa.testcases.ContactPageTest@34cd072c]" name="validateCreateNewContact" duration-ms="3371" started-at="2020-07-13T23:14:31 EDT" data-provider="getCRMTestData" finished-at="2020-07-13T23:14:35 EDT">
          <params>
            <param index="0">
              <value>
                <![CDATA[Uttama]]>
              </value>
            </param>
            <param index="1">
              <value>
                <![CDATA[Tamrakar]]>
              </value>
            </param>
          </params>
          <reporter-output>
          </reporter-output>
        </test-method> <!-- validateCreateNewContact -->
        <test-method status="PASS" signature="tearDown()[pri:0, instance:com.crm.qa.testcases.ContactPageTest@34cd072c]" name="tearDown" is-config="true" duration-ms="5624" started-at="2020-07-13T23:14:35 EDT" finished-at="2020-07-13T23:14:40 EDT">
          <reporter-output>
          </reporter-output>
        </test-method> <!-- tearDown -->
        <test-method status="PASS" signature="setup()[pri:0, instance:com.crm.qa.testcases.ContactPageTest@34cd072c]" name="setup" is-config="true" duration-ms="14020" started-at="2020-07-13T23:14:40 EDT" finished-at="2020-07-13T23:14:54 EDT">
          <reporter-output>
          </reporter-output>
        </test-method> <!-- setup -->
        <test-method status="PASS" signature="validateCreateNewContact(java.lang.String, java.lang.String)[pri:4, instance:com.crm.qa.testcases.ContactPageTest@34cd072c]" name="validateCreateNewContact" duration-ms="3229" started-at="2020-07-13T23:14:54 EDT" data-provider="getCRMTestData" finished-at="2020-07-13T23:14:57 EDT">
          <params>
            <param index="0">
              <value>
                <![CDATA[Alina]]>
              </value>
            </param>
            <param index="1">
              <value>
                <![CDATA[Khadgi]]>
              </value>
            </param>
          </params>
          <reporter-output>
          </reporter-output>
        </test-method> <!-- validateCreateNewContact -->
        <test-method status="PASS" signature="tearDown()[pri:0, instance:com.crm.qa.testcases.ContactPageTest@34cd072c]" name="tearDown" is-config="true" duration-ms="6057" started-at="2020-07-13T23:14:57 EDT" finished-at="2020-07-13T23:15:03 EDT">
          <reporter-output>
          </reporter-output>
        </test-method> <!-- tearDown -->
      </class> <!-- com.crm.qa.testcases.ContactPageTest -->
    </test> <!-- Default test -->
  </suite> <!-- Default suite -->
</testng-results>
