<?xml version="1.0" encoding="UTF-8"?>
<testng-results skipped="0" failed="0" ignored="0" total="5" passed="5">
  <reporter-output>
  </reporter-output>
  <suite name="Default suite" duration-ms="114536" started-at="2020-07-13T18:45:39 EDT" finished-at="2020-07-13T18:47:33 EDT">
    <groups>
    </groups>
    <test name="Default test" duration-ms="114536" started-at="2020-07-13T18:45:39 EDT" finished-at="2020-07-13T18:47:33 EDT">
      <class name="com.crm.qa.testcases.ContactPageTest">
        <test-method status="PASS" signature="setup()[pri:0, instance:com.crm.qa.testcases.ContactPageTest@27f723]" name="setup" is-config="true" duration-ms="14998" started-at="2020-07-13T18:45:39 EDT" finished-at="2020-07-13T18:45:54 EDT">
          <reporter-output>
          </reporter-output>
        </test-method> <!-- setup -->
        <test-method status="PASS" signature="verifyContactsLabelPrinted()[pri:2, instance:com.crm.qa.testcases.ContactPageTest@27f723]" name="verifyContactsLabelPrinted" duration-ms="2045" started-at="2020-07-13T18:45:54 EDT" finished-at="2020-07-13T18:45:56 EDT">
          <reporter-output>
          </reporter-output>
        </test-method> <!-- verifyContactsLabelPrinted -->
        <test-method status="PASS" signature="tearDown()[pri:0, instance:com.crm.qa.testcases.ContactPageTest@27f723]" name="tearDown" is-config="true" duration-ms="5679" started-at="2020-07-13T18:45:56 EDT" finished-at="2020-07-13T18:46:01 EDT">
          <reporter-output>
          </reporter-output>
        </test-method> <!-- tearDown -->
        <test-method status="PASS" signature="setup()[pri:0, instance:com.crm.qa.testcases.ContactPageTest@27f723]" name="setup" is-config="true" duration-ms="15249" started-at="2020-07-13T18:46:02 EDT" finished-at="2020-07-13T18:46:17 EDT">
          <reporter-output>
          </reporter-output>
        </test-method> <!-- setup -->
        <test-method status="PASS" signature="validateCreateNewContact(java.lang.String, java.lang.String)[pri:4, instance:com.crm.qa.testcases.ContactPageTest@27f723]" name="validateCreateNewContact" duration-ms="3216" started-at="2020-07-13T18:46:17 EDT" data-provider="getCRMTestData" finished-at="2020-07-13T18:46:20 EDT">
          <params>
            <param index="0">
              <value>
                <![CDATA[Adi]]>
              </value>
            </param>
            <param index="1">
              <value>
                <![CDATA[Pradip]]>
              </value>
            </param>
          </params>
          <reporter-output>
          </reporter-output>
        </test-method> <!-- validateCreateNewContact -->
        <test-method status="PASS" signature="tearDown()[pri:0, instance:com.crm.qa.testcases.ContactPageTest@27f723]" name="tearDown" is-config="true" duration-ms="5654" started-at="2020-07-13T18:46:20 EDT" finished-at="2020-07-13T18:46:26 EDT">
          <reporter-output>
          </reporter-output>
        </test-method> <!-- tearDown -->
        <test-method status="PASS" signature="setup()[pri:0, instance:com.crm.qa.testcases.ContactPageTest@27f723]" name="setup" is-config="true" duration-ms="13541" started-at="2020-07-13T18:46:26 EDT" finished-at="2020-07-13T18:46:39 EDT">
          <reporter-output>
          </reporter-output>
        </test-method> <!-- setup -->
        <test-method status="PASS" signature="validateCreateNewContact(java.lang.String, java.lang.String)[pri:4, instance:com.crm.qa.testcases.ContactPageTest@27f723]" name="validateCreateNewContact" duration-ms="3132" started-at="2020-07-13T18:46:39 EDT" data-provider="getCRMTestData" finished-at="2020-07-13T18:46:43 EDT">
          <params>
            <param index="0">
              <value>
                <![CDATA[Thapa]]>
              </value>
            </param>
            <param index="1">
              <value>
                <![CDATA[Bhisma]]>
              </value>
            </param>
          </params>
          <reporter-output>
          </reporter-output>
        </test-method> <!-- validateCreateNewContact -->
        <test-method status="PASS" signature="tearDown()[pri:0, instance:com.crm.qa.testcases.ContactPageTest@27f723]" name="tearDown" is-config="true" duration-ms="5682" started-at="2020-07-13T18:46:43 EDT" finished-at="2020-07-13T18:46:48 EDT">
          <reporter-output>
          </reporter-output>
        </test-method> <!-- tearDown -->
        <test-method status="PASS" signature="setup()[pri:0, instance:com.crm.qa.testcases.ContactPageTest@27f723]" name="setup" is-config="true" duration-ms="13049" started-at="2020-07-13T18:46:48 EDT" finished-at="2020-07-13T18:47:01 EDT">
          <reporter-output>
          </reporter-output>
        </test-method> <!-- setup -->
        <test-method status="PASS" signature="validateCreateNewContact(java.lang.String, java.lang.String)[pri:4, instance:com.crm.qa.testcases.ContactPageTest@27f723]" name="validateCreateNewContact" duration-ms="3204" started-at="2020-07-13T18:47:01 EDT" data-provider="getCRMTestData" finished-at="2020-07-13T18:47:05 EDT">
          <params>
            <param index="0">
              <value>
                <![CDATA[Uttama]]>
              </value>
            </param>
            <param index="1">
              <value>
                <![CDATA[Tamrakar]]>
              </value>
            </param>
          </params>
          <reporter-output>
          </reporter-output>
        </test-method> <!-- validateCreateNewContact -->
        <test-method status="PASS" signature="tearDown()[pri:0, instance:com.crm.qa.testcases.ContactPageTest@27f723]" name="tearDown" is-config="true" duration-ms="5643" started-at="2020-07-13T18:47:05 EDT" finished-at="2020-07-13T18:47:10 EDT">
          <reporter-output>
          </reporter-output>
        </test-method> <!-- tearDown -->
        <test-method status="PASS" signature="setup()[pri:0, instance:com.crm.qa.testcases.ContactPageTest@27f723]" name="setup" is-config="true" duration-ms="14296" started-at="2020-07-13T18:47:10 EDT" finished-at="2020-07-13T18:47:24 EDT">
          <reporter-output>
          </reporter-output>
        </test-method> <!-- setup -->
        <test-method status="PASS" signature="validateCreateNewContact(java.lang.String, java.lang.String)[pri:4, instance:com.crm.qa.testcases.ContactPageTest@27f723]" name="validateCreateNewContact" duration-ms="3126" started-at="2020-07-13T18:47:24 EDT" data-provider="getCRMTestData" finished-at="2020-07-13T18:47:28 EDT">
          <params>
            <param index="0">
              <value>
                <![CDATA[Alina]]>
              </value>
            </param>
            <param index="1">
              <value>
                <![CDATA[Khadgi]]>
              </value>
            </param>
          </params>
          <reporter-output>
          </reporter-output>
        </test-method> <!-- validateCreateNewContact -->
        <test-method status="PASS" signature="tearDown()[pri:0, instance:com.crm.qa.testcases.ContactPageTest@27f723]" name="tearDown" is-config="true" duration-ms="5656" started-at="2020-07-13T18:47:28 EDT" finished-at="2020-07-13T18:47:33 EDT">
          <reporter-output>
          </reporter-output>
        </test-method> <!-- tearDown -->
      </class> <!-- com.crm.qa.testcases.ContactPageTest -->
    </test> <!-- Default test -->
  </suite> <!-- Default suite -->
</testng-results>
