<?xml version="1.0" encoding="UTF-8"?>
<!-- Generated by org.testng.reporters.JUnitXMLReporter -->
<testsuite hostname="LAPTOP-EG3C4IFC" ignored="0" name="Command line test" tests="11" failures="0" timestamp="2020-07-13T18:51:27 EDT" time="211.467" errors="0">
  <testcase name="verifyContactsLabelPrinted" time="2.069" classname="com.crm.qa.testcases.ContactPageTest"/>
  <testcase name="validateCreateNewContact" time="3.138" classname="com.crm.qa.testcases.ContactPageTest"/>
  <testcase name="validateCreateNewContact" time="3.179" classname="com.crm.qa.testcases.ContactPageTest"/>
  <testcase name="validateCreateNewContact" time="3.274" classname="com.crm.qa.testcases.ContactPageTest"/>
  <testcase name="validateCreateNewContact" time="3.149" classname="com.crm.qa.testcases.ContactPageTest"/>
  <testcase name="verifyHomePageTest" time="2.015" classname="com.crm.qa.testcases.HomePageTest"/>
  <testcase name="verifyUserName" time="2.063" classname="com.crm.qa.testcases.HomePageTest"/>
  <testcase name="verifyContactlinkText" time="13.408" classname="com.crm.qa.testcases.HomePageTest"/>
  <testcase name="LogInPageTitleTest" time="0.019" classname="com.crm.qa.testcases.LogInPageTest"/>
  <testcase name="crmLogoTest" time="0.047" classname="com.crm.qa.testcases.LogInPageTest"/>
  <testcase name="LogIntest" time="12.826" classname="com.crm.qa.testcases.LogInPageTest"/>
</testsuite> <!-- Command line test -->
