<?xml version="1.0" encoding="UTF-8"?>
<!-- Generated by org.testng.reporters.JUnitXMLReporter -->
<testsuite hostname="LAPTOP-EG3C4IFC" ignored="0" name="Test" tests="9" failures="0" timestamp="2020-07-06T16:39:41 EDT" time="142.085" errors="0">
  <testcase name="verifyHomePageTest" time="2.021" classname="com.crm.qa.testcases.HomePageTest"/>
  <testcase name="verifyUserName" time="2.093" classname="com.crm.qa.testcases.HomePageTest"/>
  <testcase name="verifyContactlinkText" time="13.367" classname="com.crm.qa.testcases.HomePageTest"/>
  <testcase name="verifyContactLabelIsDisplayed" time="2.047" classname="com.crm.qa.testcases.ContactPageTest"/>
  <testcase name="verifyContactsLabelPrinted" time="2.039" classname="com.crm.qa.testcases.ContactPageTest"/>
  <testcase name="verifyContactsSelected" time="2.075" classname="com.crm.qa.testcases.ContactPageTest"/>
  <testcase name="LogInPageTitleTest" time="0.046" classname="com.crm.qa.testcases.LogInPageTest"/>
  <testcase name="crmLogoTest" time="0.039" classname="com.crm.qa.testcases.LogInPageTest"/>
  <testcase name="LogIntest" time="7.222" classname="com.crm.qa.testcases.LogInPageTest"/>
</testsuite> <!-- Test -->
