<?xml version="1.0" encoding="UTF-8"?>
<!-- Generated by org.testng.reporters.JUnitXMLReporter -->
<testsuite hostname="LAPTOP-EG3C4IFC" ignored="0" name="Test" tests="8" failures="1" timestamp="2020-07-13T23:10:55 EDT" time="113.16" errors="0">
  <testcase name="verifyHomePageTest" time="2.016" classname="com.crm.qa.testcases.HomePageTest"/>
  <testcase name="verifyUserName" time="2.119" classname="com.crm.qa.testcases.HomePageTest"/>
  <testcase name="verifyContactlinkText" time="13.581" classname="com.crm.qa.testcases.HomePageTest"/>
  <testcase name="verifyContactsLabelPrinted" time="2.084" classname="com.crm.qa.testcases.ContactPageTest"/>
  <testcase name="validateCreateNewContact" time="0.0" classname="com.crm.qa.testcases.ContactPageTest">
    <failure type="org.testng.TestNGException" message="
Data Provider public java.lang.Object[][] com.crm.qa.testcases.ContactPageTest.getCRMTestData() throws java.lang.InterruptedException,org.apache.poi.openxml4j.exceptions.InvalidFormatException returned a null value">
      <![CDATA[org.testng.TestNGException: 
Data Provider public java.lang.Object[][] com.crm.qa.testcases.ContactPageTest.getCRMTestData() throws java.lang.InterruptedException,org.apache.poi.openxml4j.exceptions.InvalidFormatException returned a null value
at java.util.ArrayList.forEach(ArrayList.java:1257)
... Removed 24 stack frames]]>
    </failure>
  </testcase> <!-- validateCreateNewContact -->
  <testcase name="LogInPageTitleTest" time="0.008" classname="com.crm.qa.testcases.LogInPageTest"/>
  <testcase name="crmLogoTest" time="0.052" classname="com.crm.qa.testcases.LogInPageTest"/>
  <testcase name="LogIntest" time="7.072" classname="com.crm.qa.testcases.LogInPageTest"/>
</testsuite> <!-- Test -->
