<?xml version="1.0" encoding="UTF-8"?>
<!-- Generated by org.testng.reporters.JUnitXMLReporter -->
<testsuite hostname="LAPTOP-EG3C4IFC" ignored="0" name="Default test" tests="5" failures="0" timestamp="2020-07-13T18:47:33 EDT" time="114.536" errors="0">
  <testcase name="verifyContactsLabelPrinted" time="2.045" classname="com.crm.qa.testcases.ContactPageTest"/>
  <testcase name="validateCreateNewContact" time="3.216" classname="com.crm.qa.testcases.ContactPageTest"/>
  <testcase name="validateCreateNewContact" time="3.132" classname="com.crm.qa.testcases.ContactPageTest"/>
  <testcase name="validateCreateNewContact" time="3.204" classname="com.crm.qa.testcases.ContactPageTest"/>
  <testcase name="validateCreateNewContact" time="3.126" classname="com.crm.qa.testcases.ContactPageTest"/>
</testsuite> <!-- Default test -->
