<?xml version="1.0" encoding="UTF-8"?>
<!-- Generated by org.testng.reporters.JUnitXMLReporter -->
<testsuite hostname="LAPTOP-EG3C4IFC" ignored="0" name="Default test" tests="5" failures="0" timestamp="2020-07-13T23:15:03 EDT" time="117.901" errors="0">
  <testcase name="verifyContactsLabelPrinted" time="2.046" classname="com.crm.qa.testcases.ContactPageTest"/>
  <testcase name="validateCreateNewContact" time="3.861" classname="com.crm.qa.testcases.ContactPageTest"/>
  <testcase name="validateCreateNewContact" time="3.211" classname="com.crm.qa.testcases.ContactPageTest"/>
  <testcase name="validateCreateNewContact" time="3.371" classname="com.crm.qa.testcases.ContactPageTest"/>
  <testcase name="validateCreateNewContact" time="3.229" classname="com.crm.qa.testcases.ContactPageTest"/>
</testsuite> <!-- Default test -->
